2019-11-07 19:59:40,164 1      [           main] DEBUG ache.ibatis.logging.LogFactory  - Logging initialized using 'class org.apache.ibatis.logging.log4j.Log4jImpl' adapter.
2019-11-07 19:59:40,341 178    [           main] DEBUG source.pooled.PooledDataSource  - PooledDataSource forcefully closed/removed all connections.
2019-11-07 19:59:40,341 178    [           main] DEBUG source.pooled.PooledDataSource  - PooledDataSource forcefully closed/removed all connections.
2019-11-07 19:59:40,342 179    [           main] DEBUG source.pooled.PooledDataSource  - PooledDataSource forcefully closed/removed all connections.
2019-11-07 19:59:40,342 179    [           main] DEBUG source.pooled.PooledDataSource  - PooledDataSource forcefully closed/removed all connections.
2019-11-07 20:01:07,995 0      [           main] DEBUG ache.ibatis.logging.LogFactory  - Logging initialized using 'class org.apache.ibatis.logging.log4j.Log4jImpl' adapter.
2019-11-07 20:01:08,170 175    [           main] DEBUG source.pooled.PooledDataSource  - PooledDataSource forcefully closed/removed all connections.
2019-11-07 20:01:08,171 176    [           main] DEBUG source.pooled.PooledDataSource  - PooledDataSource forcefully closed/removed all connections.
2019-11-07 20:01:08,171 176    [           main] DEBUG source.pooled.PooledDataSource  - PooledDataSource forcefully closed/removed all connections.
2019-11-07 20:01:08,171 176    [           main] DEBUG source.pooled.PooledDataSource  - PooledDataSource forcefully closed/removed all connections.
2019-11-07 20:01:08,266 271    [           main] DEBUG ansaction.jdbc.JdbcTransaction  - Opening JDBC Connection
2019-11-07 20:01:08,518 523    [           main] DEBUG source.pooled.PooledDataSource  - Created connection 1297149880.
2019-11-07 20:01:08,519 524    [           main] DEBUG ansaction.jdbc.JdbcTransaction  - Setting autocommit to false on JDBC Connection [com.mysql.jdbc.JDBC4Connection@4d50efb8]
2019-11-07 20:01:08,520 525    [           main] DEBUG       dao.UserDao.findUserByVo  - ==>  Preparing: select * from user where username like ? 
2019-11-07 20:01:08,560 565    [           main] DEBUG       dao.UserDao.findUserByVo  - ==> Parameters: %a%(String)
2019-11-07 20:01:08,595 600    [           main] DEBUG       dao.UserDao.findUserByVo  - <==      Total: 4
2019-11-07 20:01:08,600 605    [           main] DEBUG ansaction.jdbc.JdbcTransaction  - Resetting autocommit to true on JDBC Connection [com.mysql.jdbc.JDBC4Connection@4d50efb8]
2019-11-07 20:01:08,600 605    [           main] DEBUG ansaction.jdbc.JdbcTransaction  - Closing JDBC Connection [com.mysql.jdbc.JDBC4Connection@4d50efb8]
2019-11-07 20:01:08,600 605    [           main] DEBUG source.pooled.PooledDataSource  - Returned connection 1297149880 to pool.
2019-11-07 20:12:41,912 0      [           main] DEBUG ache.ibatis.logging.LogFactory  - Logging initialized using 'class org.apache.ibatis.logging.log4j.Log4jImpl' adapter.
2019-11-07 20:12:42,032 120    [           main] DEBUG source.pooled.PooledDataSource  - PooledDataSource forcefully closed/removed all connections.
2019-11-07 20:12:42,032 120    [           main] DEBUG source.pooled.PooledDataSource  - PooledDataSource forcefully closed/removed all connections.
2019-11-07 20:12:42,032 120    [           main] DEBUG source.pooled.PooledDataSource  - PooledDataSource forcefully closed/removed all connections.
2019-11-07 20:12:42,032 120    [           main] DEBUG source.pooled.PooledDataSource  - PooledDataSource forcefully closed/removed all connections.
2019-11-07 20:14:17,183 0      [           main] DEBUG ache.ibatis.logging.LogFactory  - Logging initialized using 'class org.apache.ibatis.logging.log4j.Log4jImpl' adapter.
2019-11-07 20:14:17,300 117    [           main] DEBUG source.pooled.PooledDataSource  - PooledDataSource forcefully closed/removed all connections.
2019-11-07 20:14:17,301 118    [           main] DEBUG source.pooled.PooledDataSource  - PooledDataSource forcefully closed/removed all connections.
2019-11-07 20:14:17,301 118    [           main] DEBUG source.pooled.PooledDataSource  - PooledDataSource forcefully closed/removed all connections.
2019-11-07 20:14:17,301 118    [           main] DEBUG source.pooled.PooledDataSource  - PooledDataSource forcefully closed/removed all connections.
2019-11-07 20:14:36,716 0      [           main] DEBUG ache.ibatis.logging.LogFactory  - Logging initialized using 'class org.apache.ibatis.logging.log4j.Log4jImpl' adapter.
2019-11-07 20:14:36,822 106    [           main] DEBUG source.pooled.PooledDataSource  - PooledDataSource forcefully closed/removed all connections.
2019-11-07 20:14:36,827 111    [           main] DEBUG source.pooled.PooledDataSource  - PooledDataSource forcefully closed/removed all connections.
2019-11-07 20:14:36,827 111    [           main] DEBUG source.pooled.PooledDataSource  - PooledDataSource forcefully closed/removed all connections.
2019-11-07 20:14:36,827 111    [           main] DEBUG source.pooled.PooledDataSource  - PooledDataSource forcefully closed/removed all connections.
2019-11-07 20:14:37,000 284    [           main] DEBUG ansaction.jdbc.JdbcTransaction  - Opening JDBC Connection
2019-11-07 20:14:37,208 492    [           main] DEBUG source.pooled.PooledDataSource  - Created connection 1053631449.
2019-11-07 20:14:37,209 493    [           main] DEBUG ansaction.jdbc.JdbcTransaction  - Setting autocommit to false on JDBC Connection [com.mysql.jdbc.JDBC4Connection@3ecd23d9]
2019-11-07 20:14:37,211 495    [           main] DEBUG ao.UserDao.findUserByCondition  - ==>  Preparing: select * from user WHERE username = ? 
2019-11-07 20:14:37,275 559    [           main] DEBUG ao.UserDao.findUserByCondition  - ==> Parameters: a(String)
2019-11-07 20:14:37,299 583    [           main] DEBUG ao.UserDao.findUserByCondition  - <==      Total: 0
2019-11-07 20:14:37,300 584    [           main] DEBUG ansaction.jdbc.JdbcTransaction  - Resetting autocommit to true on JDBC Connection [com.mysql.jdbc.JDBC4Connection@3ecd23d9]
2019-11-07 20:14:37,300 584    [           main] DEBUG ansaction.jdbc.JdbcTransaction  - Closing JDBC Connection [com.mysql.jdbc.JDBC4Connection@3ecd23d9]
2019-11-07 20:14:37,300 584    [           main] DEBUG source.pooled.PooledDataSource  - Returned connection 1053631449 to pool.
2019-11-07 20:15:01,323 0      [           main] DEBUG ache.ibatis.logging.LogFactory  - Logging initialized using 'class org.apache.ibatis.logging.log4j.Log4jImpl' adapter.
2019-11-07 20:15:01,466 143    [           main] DEBUG source.pooled.PooledDataSource  - PooledDataSource forcefully closed/removed all connections.
2019-11-07 20:15:01,466 143    [           main] DEBUG source.pooled.PooledDataSource  - PooledDataSource forcefully closed/removed all connections.
2019-11-07 20:15:01,466 143    [           main] DEBUG source.pooled.PooledDataSource  - PooledDataSource forcefully closed/removed all connections.
2019-11-07 20:15:01,466 143    [           main] DEBUG source.pooled.PooledDataSource  - PooledDataSource forcefully closed/removed all connections.
2019-11-07 20:15:01,617 294    [           main] DEBUG ansaction.jdbc.JdbcTransaction  - Opening JDBC Connection
2019-11-07 20:15:01,832 509    [           main] DEBUG source.pooled.PooledDataSource  - Created connection 1053631449.
2019-11-07 20:15:01,833 510    [           main] DEBUG ansaction.jdbc.JdbcTransaction  - Setting autocommit to false on JDBC Connection [com.mysql.jdbc.JDBC4Connection@3ecd23d9]
2019-11-07 20:15:01,834 511    [           main] DEBUG ao.UserDao.findUserByCondition  - ==>  Preparing: select * from user WHERE username = ? 
2019-11-07 20:15:01,895 572    [           main] DEBUG ao.UserDao.findUserByCondition  - ==> Parameters: aaa(String)
2019-11-07 20:15:01,927 604    [           main] DEBUG ao.UserDao.findUserByCondition  - <==      Total: 1
2019-11-07 20:15:01,931 608    [           main] DEBUG ansaction.jdbc.JdbcTransaction  - Resetting autocommit to true on JDBC Connection [com.mysql.jdbc.JDBC4Connection@3ecd23d9]
2019-11-07 20:15:01,931 608    [           main] DEBUG ansaction.jdbc.JdbcTransaction  - Closing JDBC Connection [com.mysql.jdbc.JDBC4Connection@3ecd23d9]
2019-11-07 20:15:01,931 608    [           main] DEBUG source.pooled.PooledDataSource  - Returned connection 1053631449 to pool.
2019-11-07 20:17:50,502 0      [           main] DEBUG ache.ibatis.logging.LogFactory  - Logging initialized using 'class org.apache.ibatis.logging.log4j.Log4jImpl' adapter.
2019-11-07 20:17:50,731 229    [           main] DEBUG source.pooled.PooledDataSource  - PooledDataSource forcefully closed/removed all connections.
2019-11-07 20:17:50,731 229    [           main] DEBUG source.pooled.PooledDataSource  - PooledDataSource forcefully closed/removed all connections.
2019-11-07 20:17:50,731 229    [           main] DEBUG source.pooled.PooledDataSource  - PooledDataSource forcefully closed/removed all connections.
2019-11-07 20:17:50,732 230    [           main] DEBUG source.pooled.PooledDataSource  - PooledDataSource forcefully closed/removed all connections.
2019-11-07 20:17:50,912 410    [           main] DEBUG ansaction.jdbc.JdbcTransaction  - Opening JDBC Connection
2019-11-07 20:17:51,150 648    [           main] DEBUG source.pooled.PooledDataSource  - Created connection 1391942103.
2019-11-07 20:17:51,150 648    [           main] DEBUG ansaction.jdbc.JdbcTransaction  - Setting autocommit to false on JDBC Connection [com.mysql.jdbc.JDBC4Connection@52f759d7]
2019-11-07 20:17:51,152 650    [           main] DEBUG ao.UserDao.findUserByCondition  - ==>  Preparing: select * from user WHERE username = ? and sex = ? 
2019-11-07 20:17:51,229 727    [           main] DEBUG ao.UserDao.findUserByCondition  - ==> Parameters: aaa(String), 男(String)
2019-11-07 20:17:51,260 758    [           main] DEBUG ao.UserDao.findUserByCondition  - <==      Total: 1
2019-11-07 20:17:51,263 761    [           main] DEBUG ansaction.jdbc.JdbcTransaction  - Resetting autocommit to true on JDBC Connection [com.mysql.jdbc.JDBC4Connection@52f759d7]
2019-11-07 20:17:51,263 761    [           main] DEBUG ansaction.jdbc.JdbcTransaction  - Closing JDBC Connection [com.mysql.jdbc.JDBC4Connection@52f759d7]
2019-11-07 20:17:51,263 761    [           main] DEBUG source.pooled.PooledDataSource  - Returned connection 1391942103 to pool.
2019-11-07 21:10:11,217 0      [           main] DEBUG ache.ibatis.logging.LogFactory  - Logging initialized using 'class org.apache.ibatis.logging.log4j.Log4jImpl' adapter.
2019-11-07 21:10:11,365 148    [           main] DEBUG source.pooled.PooledDataSource  - PooledDataSource forcefully closed/removed all connections.
2019-11-07 21:10:11,365 148    [           main] DEBUG source.pooled.PooledDataSource  - PooledDataSource forcefully closed/removed all connections.
2019-11-07 21:10:11,366 149    [           main] DEBUG source.pooled.PooledDataSource  - PooledDataSource forcefully closed/removed all connections.
2019-11-07 21:10:11,366 149    [           main] DEBUG source.pooled.PooledDataSource  - PooledDataSource forcefully closed/removed all connections.
2019-11-07 21:14:16,243 0      [           main] DEBUG ache.ibatis.logging.LogFactory  - Logging initialized using 'class org.apache.ibatis.logging.log4j.Log4jImpl' adapter.
2019-11-07 21:14:16,390 147    [           main] DEBUG source.pooled.PooledDataSource  - PooledDataSource forcefully closed/removed all connections.
2019-11-07 21:14:16,391 148    [           main] DEBUG source.pooled.PooledDataSource  - PooledDataSource forcefully closed/removed all connections.
2019-11-07 21:14:16,391 148    [           main] DEBUG source.pooled.PooledDataSource  - PooledDataSource forcefully closed/removed all connections.
2019-11-07 21:14:16,391 148    [           main] DEBUG source.pooled.PooledDataSource  - PooledDataSource forcefully closed/removed all connections.
2019-11-07 21:14:59,123 0      [           main] DEBUG ache.ibatis.logging.LogFactory  - Logging initialized using 'class org.apache.ibatis.logging.log4j.Log4jImpl' adapter.
2019-11-07 21:14:59,238 115    [           main] DEBUG source.pooled.PooledDataSource  - PooledDataSource forcefully closed/removed all connections.
2019-11-07 21:14:59,238 115    [           main] DEBUG source.pooled.PooledDataSource  - PooledDataSource forcefully closed/removed all connections.
2019-11-07 21:14:59,238 115    [           main] DEBUG source.pooled.PooledDataSource  - PooledDataSource forcefully closed/removed all connections.
2019-11-07 21:14:59,238 115    [           main] DEBUG source.pooled.PooledDataSource  - PooledDataSource forcefully closed/removed all connections.
2019-11-07 21:14:59,441 318    [           main] DEBUG ansaction.jdbc.JdbcTransaction  - Opening JDBC Connection
2019-11-07 21:14:59,658 535    [           main] DEBUG source.pooled.PooledDataSource  - Created connection 1971851377.
2019-11-07 21:14:59,658 535    [           main] DEBUG ansaction.jdbc.JdbcTransaction  - Setting autocommit to false on JDBC Connection [com.mysql.jdbc.JDBC4Connection@75881071]
2019-11-07 21:14:59,660 537    [           main] DEBUG      dao.UserDao.findUserInIds  - ==>  Preparing: select * from user WHERE id in ( ? , ? , ? ) 
2019-11-07 21:14:59,709 586    [           main] DEBUG      dao.UserDao.findUserInIds  - ==> Parameters: 41(Integer), 42(Integer), 43(Integer)
2019-11-07 21:14:59,740 617    [           main] DEBUG      dao.UserDao.findUserInIds  - <==      Total: 3
2019-11-07 21:14:59,743 620    [           main] DEBUG ansaction.jdbc.JdbcTransaction  - Resetting autocommit to true on JDBC Connection [com.mysql.jdbc.JDBC4Connection@75881071]
2019-11-07 21:14:59,744 621    [           main] DEBUG ansaction.jdbc.JdbcTransaction  - Closing JDBC Connection [com.mysql.jdbc.JDBC4Connection@75881071]
2019-11-07 21:14:59,744 621    [           main] DEBUG source.pooled.PooledDataSource  - Returned connection 1971851377 to pool.
